<?xml version="1.0" encoding="UTF-8"?>
<!-- Generated by org.testng.reporters.JUnitReportReporter -->
<testsuite skipped="0" hostname="MUM-LAP-354" name="pawaskar.prachi.PageObjectModelTutorial.TestsToExecute" tests="1" failures="0" timestamp="2019-08-21T16:31:33 IST" time="5.178" errors="0">
  <testcase name="verifyLogin" time="5.178" classname="pawaskar.prachi.PageObjectModelTutorial.TestsToExecute"/>
</testsuite> <!-- pawaskar.prachi.PageObjectModelTutorial.TestsToExecute -->
